No MPI compilation.

######                                  #     #
#     #  #####    ####   #####   ####   ##   ##   ####   #
#     #  #    #  #    #    #    #    #  # # # #  #    #  #
######   #    #  #    #    #    #    #  #  #  #  #    #  #
#        #####   #    #    #    #    #  #     #  #    #  #
#        #   #   #    #    #    #    #  #     #  #    #  #
#        #    #   ####     #     ####   #     #   ####   ######
=+=+=+=+=+=+=+=+=+=+=+=+=+=+=+=+=+=+=+=+=+=+=+=+=+=+=+=+=+=+=+=
Please cite T. Matthey, T. Cickovski, S. S. Hampton, A. Ko, Q. Ma, M. Nyerges, T. Raeder,
T. Slabach, and J. A. Izaguirre. ProtoMol: An object-oriented framework for prototyping
novel algorithms for molecular dynamics. ACM Trans. Math. Softw., 30(3):237­265, 2004.
=+=+=+=+=+=+=+=+=+=+=+=+=+=+=+=+=+=+=+=+=+=+=+=+=+=+=+=+=+=+=+=
ProtoMol Version 2.1

tcickovs Dec  4 2007 10:56:40
Linux manganese 2.6.9-42.ELsmp #1 SMP Wed Jul 12 23:27:17 EDT 2006 i686 i686 i386 GNU/Linux
icpc -Wall -wd810,383,981,279,444,1572 -O3 -ip -DNDEBUG -Wl,-rpath,-L/afs/nd.edu/user25/tcickovs/Research/LAPACK/lib
32-bit
Intel(R) C++ Compiler for 32-bit applications, Version 8.1    Build 20050823Z Package ID: l_cc_pc_8.1.034
Copyright (C) 1985-2005 Intel Corporation.  All rights reserved.
Version 8.1 
=+=+=+=+=+=+=+=+=+=+=+=+=+=+=+=+=+=+=+=+=+=+=+=+=+=+=+=+=+=+=+=
Information:

protomol@cse.nd.edu
http://protomol.sourceforge.net
=+=+=+=+=+=+=+=+=+=+=+=+=+=+=+=+=+=+=+=+=+=+=+=+=+=+=+=+=+=+=+=

Undefined keyword(s):
allEnergiesFileOutputFreq     <int,positive>
BSDLFileOutputFreq            <int,positive>
cellorigin                    <coordinates>
DCDFile                       <string,non-empty>
DCDFileMinimalImage           <boolean>
DCDFileNoWater                <string,non-empty>
DCDFileNoWaterMinimalImage    <boolean>
DCDFileNoWaterOutputFreq      <int,positive>
DCDFileOutputFreq             <int,positive>
DCDVELFile                    <string,non-empty>
DCDVELFileMinimalImage        <boolean>
DCDVELFileOutputFreq          <int,positive>
diffusionFileOutputFreq       <int,positive>
dihedralMultPSF               <boolean>
dihedralsFileMinimalImage     <boolean>
dihedralsFileOutputFreq       <int,positive>
doallEnergiesFile             <boolean>
doBSDLFile                    <boolean>
doDCDFile                     <boolean>
doDCDFileNoWater              <boolean>
doDCDVELFile                  <boolean>
dodiffusionFile               <boolean>
dodihedralsFile               <boolean>
dofinPDBPosFile               <boolean>
dofinXYZBinPosFile            <boolean>
dofinXYZBinVelFile            <boolean>
dofinXYZBinVelRevFile         <boolean>
dofinXYZPosFile               <boolean>
dofinXYZVelFile               <boolean>
domomentumFile                <boolean>
dopaulFile                    <boolean>
doPaulLowFile                 <boolean>
doPDBPosFile                  <boolean>
doREMExchangeRatesFile        <boolean>
doREMHistoryFile              <boolean>
dostateFile                   <boolean>
doTempFile                    <boolean>
doXYZBinPosFile               <boolean>
doXYZBinVelFile               <boolean>
doXYZForceFile                <boolean>
doXYZPosFile                  <boolean>
doXYZVelFile                  <boolean>
eigfile                       <string,non-empty>
eigvalfile                    <string,non-empty>
finPDBPosFileMinimalImage     <boolean>
finXYZBinPosFileMinimalImage  <boolean>
finXYZPosFileMinimalImage     <boolean>
momentumFileOutputFreq        <int,positive>
paulFile                      <string,non-empty>
paulFileOutputFreq            <int,positive>
paulOmega                     <real,non-negative>
paulOmegaZ                    <real,non-negative>
PDBPosFile                    <string,non-empty>
PDBPosFileMinimalImage        <boolean>
REMExchangeRatesFile          <string,non-empty>
REMExchangeRatesFileOutputFreq<int,positive>
REMHistoryFile                <string,non-empty>
REMHistoryFileOutputFreq      <int,positive>
ScreenOutputFreq              <int,positive>
ScreenPaulTrap                <boolean>
stateFile                     <string,non-empty>
stateFileOutputFreq           <int,positive>
statesInputFile               <string,non-empty>
TempFileOutputFreq            <int,positive>
velfile                       <string,non-empty>
XYZBinPosFileMinimalImage     <boolean>
XYZBinPosFileOutputFreq       <int,positive>
XYZBinVelFileOutputFreq       <int,positive>
XYZForceFileOutputFreq        <int,positive>
XYZPosFileMinimalImage        <boolean>
XYZPosFileOutputFreq          <int,positive>
XYZVelFileOutputFreq          <int,positive>
=+=+=+=+=+=+=+=+=+=+=+=+=+=+=+=+=+=+=+=+=+=+=+=+=+=+=+=+=+=+=+=
Using seed 7536031.
Using report level 0.
Using PDB posfile 'bpti.pdb' (1101).
Using temperature 300K for the velocities  (1101).
Using PSF file 'bpti.psf' (1101).
Using PAR file 'bpti.par', new charmm force field.
Hint:  cellorigin undefined, using 7.1475 5.114 3.115.
Hint:  Systems contains 73 bonds with zero force constants.
Hint:  Couldn't reduce fast delta max 791 of ExclusionTable (31).
Random temperature : 291.614K
Removed linear momentum: (-1.39159,-0.183644,-1.66319)
Removed angular momentum : (-5.90482,-8.89176,-5.06061)
Actual start temperature : 292.458K
Using MD integrator. 
Removing linear momentum with STS frequency 1.
Removing angular momentum with STS frequency 1.
=+=+=+=+=+=+=+=+=+=+=+=+=+=+=+=+=+=+=+=+=+=+=+=+=+=+=+=+=+=+=+=
Virial tensor : false
Molecular virial tensor : false
Hint:  OutputBDSL : molecular distance : true, scaling : 1
=+=+=+=+=+=+=+=+=+=+=+=+=+=+=+=+=+=+=+=+=+=+=+=+=+=+=+=+=+=+=+=
Output allEnergiesFile bpti.out.energies.lf 1 1 0 1 false false.
Output BSDLFile bpti.out.bsdl 1 true true true.
Output diffusionFile bpti.out.diffusion 1 1 0 1.
Output dihedralsFile bpti.out.dihedrals 1 1 0 1 true 1 false .
Output finPDBPosFile bpti.out.pdb.pos true.
Output finXYZBinPosFile bpti.out.xyz.pos.binary true.
Output finXYZBinVelFile bpti.out.xyz.vel.binary.
Output finXYZBinVelRevFile bpti.out.xyz.revvel.binary.
Output finXYZPosFile bpti.out.xyz.pos true.
Output finXYZVelFile bpti.out.xyz.vel.
Output momentumFile bpti.out.momentum 1 1 0 1.
Output Screen true 1.
Output TempFile bpti.out.temperature 1 1 0 1 true.
Output XYZBinPosFile bpti.out.xyz.pos.binary.trajectory 1 true.
Output XYZBinVelFile bpti.out.xyz.vel.binary.trajectory 1.
Output XYZForceFile bpti.out.xyz.force.trajectory 1.
Output XYZPosFile bpti.out.xyz.pos.trajectory 1 true.
Output XYZVelFile bpti.out.xyz.vel.trajectory 1.
=+=+=+=+=+=+=+=+=+=+=+=+=+=+=+=+=+=+=+=+=+=+=+=+=+=+=+=+=+=+=+=
integrator {
  Level 0 BBK {
      timestep 0.5
      temperature 285
      gamma 3
      seed 1001
    Force Improper
    Force Dihedral
    Force Bond
    Force Angle
    Force Coulomb -algorithm NonbondedSimpleFull
      -blocksize 64
    Force LennardJones -algorithm NonbondedSimpleFull
      -blocksize 64
  }
}
=+=+=+=+=+=+=+=+=+=+=+=+=+=+=+=+=+=+=+=+=+=+=+=+=+=+=+=+=+=+=+=
Atoms                : 1101
AtomTypes            : 26
Bonds                : 1115
Angles               : 1681
Dihedrals            : 2366 (2475)
Impropers            : 139
Molecules            : 74
Water                : 73
Pairs                : 1385
Degree of freedom    : 3300
Molecule pair dist's : true
Exclusion pairs      : 5045
Max exclusion dist   : 791
Time                 : 0
CellManager          : Cubic
BoundaryConditions   : Periodic orthogonal
coulombScalingFactor : 1
exclude              : scaled1-4
cellBasisVector1     : 64.32 0 0
cellBasisVector2     : 0 51.167 0
cellBasisVector3     : 0 0 51.272
cellorigin           : 0 0 0
cellSize             : 4
Atom density         : 0.00652485808558287
Atom/cell            : 0.417590917477304
Real cell size       : (4,4,4)
Cell dimension       : (0,0,0)
Simulation box       : (-25.0125,-20.4695,-22.521)-(39.3075,30.6975,28.751) (64.32,51.167,51.272)
Particle             : (-10.991,-10.299,-13.751)-(25.286,20.527,19.981) (36.277,30.826,33.732)
Particle extended    : (-10.991,-10.299,-13.751)-(25.286,20.527,19.981) (36.277,30.826,33.732)
=+=+=+=+=+=+=+=+=+=+=+=+=+=+=+=+=+=+=+=+=+=+=+=+=+=+=+=+=+=+=+=
Step :          0, Time :              0.000 [fs], TE :        -667.9043 [kcal/mol], T :   292.4585 [K], V :        168739.30 [AA^3]
Step :          1, Time :              0.500 [fs], TE :        -667.9968 [kcal/mol], T :   295.9835 [K], V :        168739.30 [AA^3]
Step :          2, Time :              1.000 [fs], TE :        -668.2217 [kcal/mol], T :   298.3250 [K], V :        168739.30 [AA^3]
Step :          3, Time :              1.500 [fs], TE :        -667.9248 [kcal/mol], T :   299.4129 [K], V :        168739.30 [AA^3]
Step :          4, Time :              2.000 [fs], TE :        -667.7476 [kcal/mol], T :   299.2274 [K], V :        168739.30 [AA^3]
Step :          5, Time :              2.500 [fs], TE :        -667.6438 [kcal/mol], T :   298.3788 [K], V :        168739.30 [AA^3]
Step :          6, Time :              3.000 [fs], TE :        -667.6652 [kcal/mol], T :   297.5458 [K], V :        168739.30 [AA^3]
Step :          7, Time :              3.500 [fs], TE :        -667.7700 [kcal/mol], T :   297.3818 [K], V :        168739.30 [AA^3]
Step :          8, Time :              4.000 [fs], TE :        -668.1643 [kcal/mol], T :   298.0730 [K], V :        168739.30 [AA^3]
Step :          9, Time :              4.500 [fs], TE :        -668.2385 [kcal/mol], T :   299.6494 [K], V :        168739.30 [AA^3]
Step :         10, Time :              5.000 [fs], TE :        -667.7913 [kcal/mol], T :   301.6703 [K], V :        168739.30 [AA^3]
Step :         11, Time :              5.500 [fs], TE :        -667.5658 [kcal/mol], T :   303.1798 [K], V :        168739.30 [AA^3]
Step :         12, Time :              6.000 [fs], TE :        -667.4411 [kcal/mol], T :   303.6334 [K], V :        168739.30 [AA^3]
Step :         13, Time :              6.500 [fs], TE :        -667.3947 [kcal/mol], T :   302.7879 [K], V :        168739.30 [AA^3]
Step :         14, Time :              7.000 [fs], TE :        -666.8520 [kcal/mol], T :   300.9532 [K], V :        168739.30 [AA^3]
Step :         15, Time :              7.500 [fs], TE :        -666.4111 [kcal/mol], T :   298.4904 [K], V :        168739.30 [AA^3]
Step :         16, Time :              8.000 [fs], TE :        -666.0534 [kcal/mol], T :   296.1394 [K], V :        168739.30 [AA^3]
Step :         17, Time :              8.500 [fs], TE :        -666.1700 [kcal/mol], T :   294.4463 [K], V :        168739.30 [AA^3]
Step :         18, Time :              9.000 [fs], TE :        -666.0018 [kcal/mol], T :   294.0275 [K], V :        168739.30 [AA^3]
Step :         19, Time :              9.500 [fs], TE :        -666.1579 [kcal/mol], T :   294.7155 [K], V :        168739.30 [AA^3]
Step :         20, Time :             10.000 [fs], TE :        -666.5126 [kcal/mol], T :   296.2339 [K], V :        168739.30 [AA^3]
Step :         21, Time :             10.500 [fs], TE :        -666.7664 [kcal/mol], T :   298.1114 [K], V :        168739.30 [AA^3]
Step :         22, Time :             11.000 [fs], TE :        -666.8278 [kcal/mol], T :   299.8329 [K], V :        168739.30 [AA^3]
Step :         23, Time :             11.500 [fs], TE :        -666.9460 [kcal/mol], T :   300.9094 [K], V :        168739.30 [AA^3]
Step :         24, Time :             12.000 [fs], TE :        -666.8474 [kcal/mol], T :   301.3113 [K], V :        168739.30 [AA^3]
Step :         25, Time :             12.500 [fs], TE :        -666.6113 [kcal/mol], T :   301.2156 [K], V :        168739.30 [AA^3]
Step :         26, Time :             13.000 [fs], TE :        -666.3615 [kcal/mol], T :   300.8768 [K], V :        168739.30 [AA^3]
Step :         27, Time :             13.500 [fs], TE :        -666.1529 [kcal/mol], T :   300.6129 [K], V :        168739.30 [AA^3]
Step :         28, Time :             14.000 [fs], TE :        -665.8590 [kcal/mol], T :   300.6234 [K], V :        168739.30 [AA^3]
Step :         29, Time :             14.500 [fs], TE :        -666.0074 [kcal/mol], T :   300.7509 [K], V :        168739.30 [AA^3]
Step :         30, Time :             15.000 [fs], TE :        -666.0075 [kcal/mol], T :   300.9547 [K], V :        168739.30 [AA^3]
Step :         31, Time :             15.500 [fs], TE :        -666.3035 [kcal/mol], T :   300.7872 [K], V :        168739.30 [AA^3]
Step :         32, Time :             16.000 [fs], TE :        -666.5429 [kcal/mol], T :   300.0954 [K], V :        168739.30 [AA^3]
Step :         33, Time :             16.500 [fs], TE :        -666.5967 [kcal/mol], T :   298.8034 [K], V :        168739.30 [AA^3]
Step :         34, Time :             17.000 [fs], TE :        -666.1637 [kcal/mol], T :   297.0924 [K], V :        168739.30 [AA^3]
Step :         35, Time :             17.500 [fs], TE :        -666.3253 [kcal/mol], T :   294.8997 [K], V :        168739.30 [AA^3]
Step :         36, Time :             18.000 [fs], TE :        -666.4903 [kcal/mol], T :   292.7618 [K], V :        168739.30 [AA^3]
Step :         37, Time :             18.500 [fs], TE :        -666.4706 [kcal/mol], T :   291.0320 [K], V :        168739.30 [AA^3]
Step :         38, Time :             19.000 [fs], TE :        -666.8793 [kcal/mol], T :   289.7149 [K], V :        168739.30 [AA^3]
Step :         39, Time :             19.500 [fs], TE :        -667.1336 [kcal/mol], T :   288.9502 [K], V :        168739.30 [AA^3]
Step :         40, Time :             20.000 [fs], TE :        -667.0361 [kcal/mol], T :   288.6345 [K], V :        168739.30 [AA^3]
Step :         41, Time :             20.500 [fs], TE :        -667.0080 [kcal/mol], T :   288.4364 [K], V :        168739.30 [AA^3]
Step :         42, Time :             21.000 [fs], TE :        -666.8177 [kcal/mol], T :   288.3353 [K], V :        168739.30 [AA^3]
Step :         43, Time :             21.500 [fs], TE :        -666.8886 [kcal/mol], T :   288.2612 [K], V :        168739.30 [AA^3]
Step :         44, Time :             22.000 [fs], TE :        -666.8855 [kcal/mol], T :   288.5274 [K], V :        168739.30 [AA^3]
Step :         45, Time :             22.500 [fs], TE :        -667.1181 [kcal/mol], T :   289.3030 [K], V :        168739.30 [AA^3]
Step :         46, Time :             23.000 [fs], TE :        -667.0776 [kcal/mol], T :   290.9272 [K], V :        168739.30 [AA^3]
Step :         47, Time :             23.500 [fs], TE :        -667.0055 [kcal/mol], T :   293.3515 [K], V :        168739.30 [AA^3]
Step :         48, Time :             24.000 [fs], TE :        -667.1627 [kcal/mol], T :   296.3086 [K], V :        168739.30 [AA^3]
Step :         49, Time :             24.500 [fs], TE :        -666.9318 [kcal/mol], T :   299.5509 [K], V :        168739.30 [AA^3]
Step :         50, Time :             25.000 [fs], TE :        -667.0595 [kcal/mol], T :   302.3705 [K], V :        168739.30 [AA^3]
Step :         51, Time :             25.500 [fs], TE :        -666.9278 [kcal/mol], T :   304.5617 [K], V :        168739.30 [AA^3]
Step :         52, Time :             26.000 [fs], TE :        -666.6216 [kcal/mol], T :   305.8470 [K], V :        168739.30 [AA^3]
Step :         53, Time :             26.500 [fs], TE :        -666.5353 [kcal/mol], T :   306.1276 [K], V :        168739.30 [AA^3]
Step :         54, Time :             27.000 [fs], TE :        -666.6393 [kcal/mol], T :   305.6808 [K], V :        168739.30 [AA^3]
Step :         55, Time :             27.500 [fs], TE :        -666.5912 [kcal/mol], T :   305.0008 [K], V :        168739.30 [AA^3]
Step :         56, Time :             28.000 [fs], TE :        -666.4222 [kcal/mol], T :   304.4586 [K], V :        168739.30 [AA^3]
Step :         57, Time :             28.500 [fs], TE :        -666.3885 [kcal/mol], T :   304.1926 [K], V :        168739.30 [AA^3]
Step :         58, Time :             29.000 [fs], TE :        -666.1061 [kcal/mol], T :   304.3102 [K], V :        168739.30 [AA^3]
Step :         59, Time :             29.500 [fs], TE :        -666.1316 [kcal/mol], T :   304.4154 [K], V :        168739.30 [AA^3]
Step :         60, Time :             30.000 [fs], TE :        -666.1506 [kcal/mol], T :   304.2459 [K], V :        168739.30 [AA^3]
Step :         61, Time :             30.500 [fs], TE :        -666.3580 [kcal/mol], T :   303.4712 [K], V :        168739.30 [AA^3]
Step :         62, Time :             31.000 [fs], TE :        -666.1673 [kcal/mol], T :   302.1536 [K], V :        168739.30 [AA^3]
Step :         63, Time :             31.500 [fs], TE :        -665.9969 [kcal/mol], T :   300.2897 [K], V :        168739.30 [AA^3]
Step :         64, Time :             32.000 [fs], TE :        -666.1396 [kcal/mol], T :   298.1579 [K], V :        168739.30 [AA^3]
Step :         65, Time :             32.500 [fs], TE :        -666.2959 [kcal/mol], T :   296.3010 [K], V :        168739.30 [AA^3]
Step :         66, Time :             33.000 [fs], TE :        -666.8598 [kcal/mol], T :   295.0532 [K], V :        168739.30 [AA^3]
Step :         67, Time :             33.500 [fs], TE :        -666.9100 [kcal/mol], T :   294.9174 [K], V :        168739.30 [AA^3]
Step :         68, Time :             34.000 [fs], TE :        -667.2267 [kcal/mol], T :   295.6526 [K], V :        168739.30 [AA^3]
Step :         69, Time :             34.500 [fs], TE :        -667.5877 [kcal/mol], T :   297.0634 [K], V :        168739.30 [AA^3]
Step :         70, Time :             35.000 [fs], TE :        -667.6743 [kcal/mol], T :   298.8005 [K], V :        168739.30 [AA^3]
Step :         71, Time :             35.500 [fs], TE :        -667.5755 [kcal/mol], T :   300.4314 [K], V :        168739.30 [AA^3]
Step :         72, Time :             36.000 [fs], TE :        -667.7191 [kcal/mol], T :   301.4847 [K], V :        168739.30 [AA^3]
Step :         73, Time :             36.500 [fs], TE :        -667.8447 [kcal/mol], T :   301.9407 [K], V :        168739.30 [AA^3]
Step :         74, Time :             37.000 [fs], TE :        -667.9679 [kcal/mol], T :   301.9191 [K], V :        168739.30 [AA^3]
Step :         75, Time :             37.500 [fs], TE :        -668.0752 [kcal/mol], T :   301.7265 [K], V :        168739.30 [AA^3]
Step :         76, Time :             38.000 [fs], TE :        -668.1177 [kcal/mol], T :   301.6730 [K], V :        168739.30 [AA^3]
Step :         77, Time :             38.500 [fs], TE :        -667.9904 [kcal/mol], T :   302.0358 [K], V :        168739.30 [AA^3]
Step :         78, Time :             39.000 [fs], TE :        -667.6058 [kcal/mol], T :   302.8830 [K], V :        168739.30 [AA^3]
Step :         79, Time :             39.500 [fs], TE :        -667.5410 [kcal/mol], T :   303.8545 [K], V :        168739.30 [AA^3]
Step :         80, Time :             40.000 [fs], TE :        -667.9040 [kcal/mol], T :   304.6479 [K], V :        168739.30 [AA^3]
Step :         81, Time :             40.500 [fs], TE :        -668.0266 [kcal/mol], T :   305.1334 [K], V :        168739.30 [AA^3]
Step :         82, Time :             41.000 [fs], TE :        -667.7719 [kcal/mol], T :   305.0830 [K], V :        168739.30 [AA^3]
Step :         83, Time :             41.500 [fs], TE :        -668.2132 [kcal/mol], T :   304.0823 [K], V :        168739.30 [AA^3]
Step :         84, Time :             42.000 [fs], TE :        -668.2784 [kcal/mol], T :   302.5923 [K], V :        168739.30 [AA^3]
Step :         85, Time :             42.500 [fs], TE :        -668.2053 [kcal/mol], T :   300.8058 [K], V :        168739.30 [AA^3]
Step :         86, Time :             43.000 [fs], TE :        -668.3016 [kcal/mol], T :   298.9740 [K], V :        168739.30 [AA^3]
Step :         87, Time :             43.500 [fs], TE :        -668.2066 [kcal/mol], T :   297.5385 [K], V :        168739.30 [AA^3]
Step :         88, Time :             44.000 [fs], TE :        -667.9072 [kcal/mol], T :   296.6817 [K], V :        168739.30 [AA^3]
Step :         89, Time :             44.500 [fs], TE :        -667.9694 [kcal/mol], T :   296.2325 [K], V :        168739.30 [AA^3]
Step :         90, Time :             45.000 [fs], TE :        -668.3249 [kcal/mol], T :   296.0633 [K], V :        168739.30 [AA^3]
Step :         91, Time :             45.500 [fs], TE :        -668.4055 [kcal/mol], T :   296.1622 [K], V :        168739.30 [AA^3]
Step :         92, Time :             46.000 [fs], TE :        -668.5927 [kcal/mol], T :   296.2102 [K], V :        168739.30 [AA^3]
Step :         93, Time :             46.500 [fs], TE :        -668.8117 [kcal/mol], T :   296.1090 [K], V :        168739.30 [AA^3]
Step :         94, Time :             47.000 [fs], TE :        -668.4129 [kcal/mol], T :   295.9943 [K], V :        168739.30 [AA^3]
Step :         95, Time :             47.500 [fs], TE :        -668.3263 [kcal/mol], T :   295.6619 [K], V :        168739.30 [AA^3]
Step :         96, Time :             48.000 [fs], TE :        -668.4688 [kcal/mol], T :   295.2620 [K], V :        168739.30 [AA^3]
Step :         97, Time :             48.500 [fs], TE :        -668.3725 [kcal/mol], T :   295.1065 [K], V :        168739.30 [AA^3]
Step :         98, Time :             49.000 [fs], TE :        -668.1376 [kcal/mol], T :   295.2687 [K], V :        168739.30 [AA^3]
Step :         99, Time :             49.500 [fs], TE :        -668.0386 [kcal/mol], T :   295.6941 [K], V :        168739.30 [AA^3]
Step :        100, Time :             50.000 [fs], TE :        -667.8649 [kcal/mol], T :   296.3554 [K], V :        168739.30 [AA^3]
Step :        101, Time :             50.500 [fs], TE :        -667.5783 [kcal/mol], T :   297.1053 [K], V :        168739.30 [AA^3]
Step :        102, Time :             51.000 [fs], TE :        -667.4280 [kcal/mol], T :   297.6316 [K], V :        168739.30 [AA^3]
Step :        103, Time :             51.500 [fs], TE :        -667.5418 [kcal/mol], T :   297.7557 [K], V :        168739.30 [AA^3]
Step :        104, Time :             52.000 [fs], TE :        -667.6367 [kcal/mol], T :   297.4863 [K], V :        168739.30 [AA^3]
Step :        105, Time :             52.500 [fs], TE :        -667.7408 [kcal/mol], T :   296.9017 [K], V :        168739.30 [AA^3]
Step :        106, Time :             53.000 [fs], TE :        -667.4940 [kcal/mol], T :   296.3717 [K], V :        168739.30 [AA^3]
Step :        107, Time :             53.500 [fs], TE :        -667.3195 [kcal/mol], T :   296.0303 [K], V :        168739.30 [AA^3]
Step :        108, Time :             54.000 [fs], TE :        -667.1363 [kcal/mol], T :   296.1424 [K], V :        168739.30 [AA^3]
Step :        109, Time :             54.500 [fs], TE :        -666.7858 [kcal/mol], T :   296.8143 [K], V :        168739.30 [AA^3]
Step :        110, Time :             55.000 [fs], TE :        -666.8720 [kcal/mol], T :   297.7764 [K], V :        168739.30 [AA^3]
Step :        111, Time :             55.500 [fs], TE :        -666.8400 [kcal/mol], T :   298.9543 [K], V :        168739.30 [AA^3]
Step :        112, Time :             56.000 [fs], TE :        -666.6978 [kcal/mol], T :   300.0559 [K], V :        168739.30 [AA^3]
Step :        113, Time :             56.500 [fs], TE :        -666.6832 [kcal/mol], T :   300.7368 [K], V :        168739.30 [AA^3]
Step :        114, Time :             57.000 [fs], TE :        -666.8780 [kcal/mol], T :   300.8659 [K], V :        168739.30 [AA^3]
Step :        115, Time :             57.500 [fs], TE :        -666.6592 [kcal/mol], T :   300.6827 [K], V :        168739.30 [AA^3]
Step :        116, Time :             58.000 [fs], TE :        -666.7498 [kcal/mol], T :   300.1686 [K], V :        168739.30 [AA^3]
Step :        117, Time :             58.500 [fs], TE :        -667.1292 [kcal/mol], T :   299.6677 [K], V :        168739.30 [AA^3]
Step :        118, Time :             59.000 [fs], TE :        -667.2506 [kcal/mol], T :   299.6785 [K], V :        168739.30 [AA^3]
Step :        119, Time :             59.500 [fs], TE :        -667.2453 [kcal/mol], T :   300.2838 [K], V :        168739.30 [AA^3]
Step :        120, Time :             60.000 [fs], TE :        -667.1838 [kcal/mol], T :   301.3724 [K], V :        168739.30 [AA^3]
Step :        121, Time :             60.500 [fs], TE :        -666.7898 [kcal/mol], T :   302.7091 [K], V :        168739.30 [AA^3]
Step :        122, Time :             61.000 [fs], TE :        -666.5120 [kcal/mol], T :   303.7234 [K], V :        168739.30 [AA^3]
Step :        123, Time :             61.500 [fs], TE :        -666.7255 [kcal/mol], T :   303.9094 [K], V :        168739.30 [AA^3]
Step :        124, Time :             62.000 [fs], TE :        -666.6916 [kcal/mol], T :   303.2932 [K], V :        168739.30 [AA^3]
Step :        125, Time :             62.500 [fs], TE :        -666.6736 [kcal/mol], T :   301.8517 [K], V :        168739.30 [AA^3]
Step :        126, Time :             63.000 [fs], TE :        -666.7536 [kcal/mol], T :   299.8587 [K], V :        168739.30 [AA^3]
Step :        127, Time :             63.500 [fs], TE :        -666.9161 [kcal/mol], T :   297.8302 [K], V :        168739.30 [AA^3]
Step :        128, Time :             64.000 [fs], TE :        -667.0742 [kcal/mol], T :   296.3542 [K], V :        168739.30 [AA^3]
Step :        129, Time :             64.500 [fs], TE :        -667.1105 [kcal/mol], T :   295.8703 [K], V :        168739.30 [AA^3]
Step :        130, Time :             65.000 [fs], TE :        -667.1149 [kcal/mol], T :   296.4154 [K], V :        168739.30 [AA^3]
Step :        131, Time :             65.500 [fs], TE :        -667.3759 [kcal/mol], T :   297.6754 [K], V :        168739.30 [AA^3]
Step :        132, Time :             66.000 [fs], TE :        -667.5675 [kcal/mol], T :   299.1904 [K], V :        168739.30 [AA^3]
Step :        133, Time :             66.500 [fs], TE :        -667.7574 [kcal/mol], T :   300.3372 [K], V :        168739.30 [AA^3]
Step :        134, Time :             67.000 [fs], TE :        -667.5598 [kcal/mol], T :   300.7579 [K], V :        168739.30 [AA^3]
Step :        135, Time :             67.500 [fs], TE :        -667.3868 [kcal/mol], T :   300.1193 [K], V :        168739.30 [AA^3]
Step :        136, Time :             68.000 [fs], TE :        -667.3208 [kcal/mol], T :   298.6046 [K], V :        168739.30 [AA^3]
Step :        137, Time :             68.500 [fs], TE :        -667.1538 [kcal/mol], T :   296.8220 [K], V :        168739.30 [AA^3]
Step :        138, Time :             69.000 [fs], TE :        -666.9850 [kcal/mol], T :   295.4831 [K], V :        168739.30 [AA^3]
Step :        139, Time :             69.500 [fs], TE :        -667.0076 [kcal/mol], T :   295.1925 [K], V :        168739.30 [AA^3]
Step :        140, Time :             70.000 [fs], TE :        -666.9760 [kcal/mol], T :   296.3785 [K], V :        168739.30 [AA^3]
Step :        141, Time :             70.500 [fs], TE :        -666.9061 [kcal/mol], T :   298.9582 [K], V :        168739.30 [AA^3]
Step :        142, Time :             71.000 [fs], TE :        -667.2643 [kcal/mol], T :   302.2548 [K], V :        168739.30 [AA^3]
Step :        143, Time :             71.500 [fs], TE :        -667.7649 [kcal/mol], T :   305.5045 [K], V :        168739.30 [AA^3]
Step :        144, Time :             72.000 [fs], TE :        -667.9893 [kcal/mol], T :   307.9698 [K], V :        168739.30 [AA^3]
Step :        145, Time :             72.500 [fs], TE :        -667.9301 [kcal/mol], T :   309.0074 [K], V :        168739.30 [AA^3]
Step :        146, Time :             73.000 [fs], TE :        -667.8970 [kcal/mol], T :   308.3167 [K], V :        168739.30 [AA^3]
Step :        147, Time :             73.500 [fs], TE :        -667.5983 [kcal/mol], T :   306.2773 [K], V :        168739.30 [AA^3]
Step :        148, Time :             74.000 [fs], TE :        -667.2670 [kcal/mol], T :   303.5241 [K], V :        168739.30 [AA^3]
Step :        149, Time :             74.500 [fs], TE :        -667.1941 [kcal/mol], T :   300.8195 [K], V :        168739.30 [AA^3]
Step :        150, Time :             75.000 [fs], TE :        -666.9080 [kcal/mol], T :   299.0415 [K], V :        168739.30 [AA^3]
Step :        151, Time :             75.500 [fs], TE :        -666.9297 [kcal/mol], T :   298.3559 [K], V :        168739.30 [AA^3]
Step :        152, Time :             76.000 [fs], TE :        -666.8346 [kcal/mol], T :   298.7295 [K], V :        168739.30 [AA^3]
Step :        153, Time :             76.500 [fs], TE :        -666.9921 [kcal/mol], T :   299.4620 [K], V :        168739.30 [AA^3]
Step :        154, Time :             77.000 [fs], TE :        -667.1734 [kcal/mol], T :   299.8412 [K], V :        168739.30 [AA^3]
Step :        155, Time :             77.500 [fs], TE :        -667.2055 [kcal/mol], T :   299.2137 [K], V :        168739.30 [AA^3]
Step :        156, Time :             78.000 [fs], TE :        -666.8707 [kcal/mol], T :   297.2911 [K], V :        168739.30 [AA^3]
Step :        157, Time :             78.500 [fs], TE :        -666.7144 [kcal/mol], T :   294.0568 [K], V :        168739.30 [AA^3]
Step :        158, Time :             79.000 [fs], TE :        -666.6435 [kcal/mol], T :   290.1600 [K], V :        168739.30 [AA^3]
Step :        159, Time :             79.500 [fs], TE :        -666.7754 [kcal/mol], T :   286.4476 [K], V :        168739.30 [AA^3]
Step :        160, Time :             80.000 [fs], TE :        -666.8027 [kcal/mol], T :   283.9045 [K], V :        168739.30 [AA^3]
Step :        161, Time :             80.500 [fs], TE :        -666.8192 [kcal/mol], T :   283.0903 [K], V :        168739.30 [AA^3]
Step :        162, Time :             81.000 [fs], TE :        -666.7693 [kcal/mol], T :   284.1718 [K], V :        168739.30 [AA^3]
Step :        163, Time :             81.500 [fs], TE :        -666.9677 [kcal/mol], T :   286.6041 [K], V :        168739.30 [AA^3]
Step :        164, Time :             82.000 [fs], TE :        -667.4177 [kcal/mol], T :   289.5847 [K], V :        168739.30 [AA^3]
Step :        165, Time :             82.500 [fs], TE :        -667.9102 [kcal/mol], T :   292.3001 [K], V :        168739.30 [AA^3]
Step :        166, Time :             83.000 [fs], TE :        -667.9290 [kcal/mol], T :   294.1861 [K], V :        168739.30 [AA^3]
Step :        167, Time :             83.500 [fs], TE :        -667.6494 [kcal/mol], T :   294.8297 [K], V :        168739.30 [AA^3]
Step :        168, Time :             84.000 [fs], TE :        -667.8513 [kcal/mol], T :   294.0814 [K], V :        168739.30 [AA^3]
Step :        169, Time :             84.500 [fs], TE :        -668.0717 [kcal/mol], T :   292.6272 [K], V :        168739.30 [AA^3]
Step :        170, Time :             85.000 [fs], TE :        -668.0328 [kcal/mol], T :   291.2594 [K], V :        168739.30 [AA^3]
Step :        171, Time :             85.500 [fs], TE :        -668.0270 [kcal/mol], T :   290.4805 [K], V :        168739.30 [AA^3]
Step :        172, Time :             86.000 [fs], TE :        -668.2578 [kcal/mol], T :   290.5622 [K], V :        168739.30 [AA^3]
Step :        173, Time :             86.500 [fs], TE :        -668.7451 [kcal/mol], T :   291.4195 [K], V :        168739.30 [AA^3]
Step :        174, Time :             87.000 [fs], TE :        -669.0607 [kcal/mol], T :   292.8420 [K], V :        168739.30 [AA^3]
Step :        175, Time :             87.500 [fs], TE :        -669.5821 [kcal/mol], T :   294.1617 [K], V :        168739.30 [AA^3]
Step :        176, Time :             88.000 [fs], TE :        -669.9133 [kcal/mol], T :   295.0183 [K], V :        168739.30 [AA^3]
Step :        177, Time :             88.500 [fs], TE :        -670.0767 [kcal/mol], T :   295.1308 [K], V :        168739.30 [AA^3]
Step :        178, Time :             89.000 [fs], TE :        -670.2716 [kcal/mol], T :   294.4896 [K], V :        168739.30 [AA^3]
Step :        179, Time :             89.500 [fs], TE :        -670.5324 [kcal/mol], T :   293.3582 [K], V :        168739.30 [AA^3]
Step :        180, Time :             90.000 [fs], TE :        -670.8709 [kcal/mol], T :   292.1502 [K], V :        168739.30 [AA^3]
Step :        181, Time :             90.500 [fs], TE :        -671.0435 [kcal/mol], T :   291.2889 [K], V :        168739.30 [AA^3]
Step :        182, Time :             91.000 [fs], TE :        -671.0957 [kcal/mol], T :   290.9772 [K], V :        168739.30 [AA^3]
Step :        183, Time :             91.500 [fs], TE :        -671.4060 [kcal/mol], T :   291.1549 [K], V :        168739.30 [AA^3]
Step :        184, Time :             92.000 [fs], TE :        -671.5704 [kcal/mol], T :   291.8484 [K], V :        168739.30 [AA^3]
Step :        185, Time :             92.500 [fs], TE :        -671.5424 [kcal/mol], T :   292.8743 [K], V :        168739.30 [AA^3]
Step :        186, Time :             93.000 [fs], TE :        -671.2812 [kcal/mol], T :   294.0270 [K], V :        168739.30 [AA^3]
Step :        187, Time :             93.500 [fs], TE :        -671.4251 [kcal/mol], T :   294.9647 [K], V :        168739.30 [AA^3]
Step :        188, Time :             94.000 [fs], TE :        -671.2238 [kcal/mol], T :   295.8413 [K], V :        168739.30 [AA^3]
Step :        189, Time :             94.500 [fs], TE :        -671.2874 [kcal/mol], T :   296.4301 [K], V :        168739.30 [AA^3]
Step :        190, Time :             95.000 [fs], TE :        -671.0924 [kcal/mol], T :   296.8120 [K], V :        168739.30 [AA^3]
Step :        191, Time :             95.500 [fs], TE :        -671.1390 [kcal/mol], T :   296.7571 [K], V :        168739.30 [AA^3]
Step :        192, Time :             96.000 [fs], TE :        -671.4122 [kcal/mol], T :   296.1440 [K], V :        168739.30 [AA^3]
Step :        193, Time :             96.500 [fs], TE :        -671.8524 [kcal/mol], T :   294.9538 [K], V :        168739.30 [AA^3]
Step :        194, Time :             97.000 [fs], TE :        -671.9114 [kcal/mol], T :   293.4077 [K], V :        168739.30 [AA^3]
Step :        195, Time :             97.500 [fs], TE :        -671.5997 [kcal/mol], T :   291.7221 [K], V :        168739.30 [AA^3]
Step :        196, Time :             98.000 [fs], TE :        -670.7835 [kcal/mol], T :   290.3066 [K], V :        168739.30 [AA^3]
Step :        197, Time :             98.500 [fs], TE :        -670.3685 [kcal/mol], T :   289.3275 [K], V :        168739.30 [AA^3]
Step :        198, Time :             99.000 [fs], TE :        -670.2797 [kcal/mol], T :   289.1814 [K], V :        168739.30 [AA^3]
Step :        199, Time :             99.500 [fs], TE :        -669.9761 [kcal/mol], T :   290.1472 [K], V :        168739.30 [AA^3]
Step :        200, Time :            100.000 [fs], TE :        -669.8588 [kcal/mol], T :   291.9086 [K], V :        168739.30 [AA^3]
Step :        201, Time :            100.500 [fs], TE :        -669.9216 [kcal/mol], T :   293.9654 [K], V :        168739.30 [AA^3]
Step :        202, Time :            101.000 [fs], TE :        -670.2926 [kcal/mol], T :   295.6946 [K], V :        168739.30 [AA^3]
Step :        203, Time :            101.500 [fs], TE :        -670.1203 [kcal/mol], T :   296.8060 [K], V :        168739.30 [AA^3]
Step :        204, Time :            102.000 [fs], TE :        -670.1319 [kcal/mol], T :   296.8257 [K], V :        168739.30 [AA^3]
Step :        205, Time :            102.500 [fs], TE :        -670.2638 [kcal/mol], T :   295.9327 [K], V :        168739.30 [AA^3]
Step :        206, Time :            103.000 [fs], TE :        -670.3557 [kcal/mol], T :   294.7151 [K], V :        168739.30 [AA^3]
Step :        207, Time :            103.500 [fs], TE :        -669.9993 [kcal/mol], T :   294.0326 [K], V :        168739.30 [AA^3]
Step :        208, Time :            104.000 [fs], TE :        -669.8890 [kcal/mol], T :   294.3537 [K], V :        168739.30 [AA^3]
Step :        209, Time :            104.500 [fs], TE :        -670.2936 [kcal/mol], T :   295.9083 [K], V :        168739.30 [AA^3]
Step :        210, Time :            105.000 [fs], TE :        -670.5321 [kcal/mol], T :   298.7679 [K], V :        168739.30 [AA^3]
Step :        211, Time :            105.500 [fs], TE :        -670.5025 [kcal/mol], T :   302.3124 [K], V :        168739.30 [AA^3]
Step :        212, Time :            106.000 [fs], TE :        -670.9798 [kcal/mol], T :   305.3383 [K], V :        168739.30 [AA^3]
Step :        213, Time :            106.500 [fs], TE :        -671.4755 [kcal/mol], T :   307.0015 [K], V :        168739.30 [AA^3]
Step :        214, Time :            107.000 [fs], TE :        -671.6050 [kcal/mol], T :   306.8733 [K], V :        168739.30 [AA^3]
Step :        215, Time :            107.500 [fs], TE :        -671.7871 [kcal/mol], T :   304.7764 [K], V :        168739.30 [AA^3]
Step :        216, Time :            108.000 [fs], TE :        -671.9092 [kcal/mol], T :   301.2866 [K], V :        168739.30 [AA^3]
Step :        217, Time :            108.500 [fs], TE :        -671.6448 [kcal/mol], T :   297.5118 [K], V :        168739.30 [AA^3]
Step :        218, Time :            109.000 [fs], TE :        -671.3524 [kcal/mol], T :   294.4302 [K], V :        168739.30 [AA^3]
Step :        219, Time :            109.500 [fs], TE :        -671.2717 [kcal/mol], T :   292.8170 [K], V :        168739.30 [AA^3]
Step :        220, Time :            110.000 [fs], TE :        -671.0889 [kcal/mol], T :   293.0828 [K], V :        168739.30 [AA^3]
Step :        221, Time :            110.500 [fs], TE :        -671.2590 [kcal/mol], T :   294.7877 [K], V :        168739.30 [AA^3]
Step :        222, Time :            111.000 [fs], TE :        -671.4949 [kcal/mol], T :   297.1933 [K], V :        168739.30 [AA^3]
Step :        223, Time :            111.500 [fs], TE :        -671.3358 [kcal/mol], T :   299.3867 [K], V :        168739.30 [AA^3]
Step :        224, Time :            112.000 [fs], TE :        -671.0897 [kcal/mol], T :   300.3104 [K], V :        168739.30 [AA^3]
Step :        225, Time :            112.500 [fs], TE :        -670.7093 [kcal/mol], T :   299.5453 [K], V :        168739.30 [AA^3]
Step :        226, Time :            113.000 [fs], TE :        -670.5997 [kcal/mol], T :   297.1381 [K], V :        168739.30 [AA^3]
Step :        227, Time :            113.500 [fs], TE :        -670.4891 [kcal/mol], T :   293.8914 [K], V :        168739.30 [AA^3]
Step :        228, Time :            114.000 [fs], TE :        -670.0128 [kcal/mol], T :   290.9339 [K], V :        168739.30 [AA^3]
Step :        229, Time :            114.500 [fs], TE :        -669.7798 [kcal/mol], T :   289.0923 [K], V :        168739.30 [AA^3]
Step :        230, Time :            115.000 [fs], TE :        -669.6823 [kcal/mol], T :   288.9961 [K], V :        168739.30 [AA^3]
Step :        231, Time :            115.500 [fs], TE :        -669.3356 [kcal/mol], T :   290.8269 [K], V :        168739.30 [AA^3]
Step :        232, Time :            116.000 [fs], TE :        -669.0313 [kcal/mol], T :   293.9548 [K], V :        168739.30 [AA^3]
Step :        233, Time :            116.500 [fs], TE :        -669.0077 [kcal/mol], T :   297.4246 [K], V :        168739.30 [AA^3]
Step :        234, Time :            117.000 [fs], TE :        -669.4302 [kcal/mol], T :   300.1538 [K], V :        168739.30 [AA^3]
Step :        235, Time :            117.500 [fs], TE :        -669.3593 [kcal/mol], T :   301.6510 [K], V :        168739.30 [AA^3]
Step :        236, Time :            118.000 [fs], TE :        -668.8377 [kcal/mol], T :   301.6117 [K], V :        168739.30 [AA^3]
Step :        237, Time :            118.500 [fs], TE :        -668.6891 [kcal/mol], T :   300.0079 [K], V :        168739.30 [AA^3]
Step :        238, Time :            119.000 [fs], TE :        -668.5813 [kcal/mol], T :   297.6352 [K], V :        168739.30 [AA^3]
Step :        239, Time :            119.500 [fs], TE :        -668.5282 [kcal/mol], T :   295.4279 [K], V :        168739.30 [AA^3]
Step :        240, Time :            120.000 [fs], TE :        -668.4409 [kcal/mol], T :   294.2661 [K], V :        168739.30 [AA^3]
Step :        241, Time :            120.500 [fs], TE :        -668.3673 [kcal/mol], T :   294.6055 [K], V :        168739.30 [AA^3]
Step :        242, Time :            121.000 [fs], TE :        -668.0704 [kcal/mol], T :   296.4491 [K], V :        168739.30 [AA^3]
Step :        243, Time :            121.500 [fs], TE :        -668.0642 [kcal/mol], T :   299.0673 [K], V :        168739.30 [AA^3]
Step :        244, Time :            122.000 [fs], TE :        -668.1789 [kcal/mol], T :   301.6989 [K], V :        168739.30 [AA^3]
Step :        245, Time :            122.500 [fs], TE :        -668.4246 [kcal/mol], T :   303.4976 [K], V :        168739.30 [AA^3]
Step :        246, Time :            123.000 [fs], TE :        -668.6201 [kcal/mol], T :   303.8798 [K], V :        168739.30 [AA^3]
Step :        247, Time :            123.500 [fs], TE :        -668.3457 [kcal/mol], T :   302.8373 [K], V :        168739.30 [AA^3]
Step :        248, Time :            124.000 [fs], TE :        -667.9938 [kcal/mol], T :   300.4893 [K], V :        168739.30 [AA^3]
Step :        249, Time :            124.500 [fs], TE :        -667.6110 [kcal/mol], T :   297.4330 [K], V :        168739.30 [AA^3]
Step :        250, Time :            125.000 [fs], TE :        -667.2071 [kcal/mol], T :   294.4393 [K], V :        168739.30 [AA^3]
Timing : wall: 228.00153[s] real, 34.25479[s] user, 20.41490[s] sys, run: 227.50631[s], integration: 22.98992[s], forces: 22.56328[s].
